<?xml version="1.0" encoding="UTF-8"?>
<testsuite xmlns:xsi="http://www.w3.org/2001/XMLSchema-instance" xsi:noNamespaceSchemaLocation="https://maven.apache.org/surefire/maven-surefire-plugin/xsd/surefire-test-report-3.0.xsd" version="3.0" name="com.shubham.leaderboard.Controller.AuthControllerTest" time="0.53" tests="4" errors="0" skipped="0" failures="0">
  <properties>
[...]
</properties>
  <testcase name="signUp_failure" classname="com.shubham.leaderboard.Controller.AuthControllerTest" time="0.483"/>
  <testcase name="login_success" classname="com.shubham.leaderboard.Controller.AuthControllerTest" time="0.008"/>
  <testcase name="login_failure" classname="com.shubham.leaderboard.Controller.AuthControllerTest" time="0.003"/>
  <testcase name="signUp_success" classname="com.shubham.leaderboard.Controller.AuthControllerTest" time="0.004"/>
</testsuite>